[0317/225306.760:WARNING:spdy_session.cc(3365)] Received HEADERS for invalid stream 17
[0317/225307.134:ERROR:batching_media_log.cc(38)] MediaEvent: {"error":"FFmpegDemuxer: no supported streams"}
[0317/225307.134:ERROR:batching_media_log.cc(38)] MediaEvent: {"error":"FFmpegDemuxer: no supported streams"}
[0317/225307.134:ERROR:batching_media_log.cc(35)] MediaEvent: {"pipeline_error":14}
[0317/225307.135:ERROR:batching_media_log.cc(35)] MediaEvent: {"pipeline_error":14}
[0407/084126.613:ERROR:os_crypt_win.cc(92)] Failed to decrypt: Key not valid for use in specified state. (0x8009000B)
[0407/084254.156:ERROR:batching_media_log.cc(38)] MediaEvent: {"error":"FFmpegDemuxer: no supported streams"}
[0407/084254.165:ERROR:batching_media_log.cc(35)] MediaEvent: {"pipeline_error":14}
[0407/084254.167:ERROR:batching_media_log.cc(38)] MediaEvent: {"error":"FFmpegDemuxer: no supported streams"}
[0407/084254.168:ERROR:batching_media_log.cc(35)] MediaEvent: {"pipeline_error":14}
[0424/193055.596:ERROR:os_crypt_win.cc(92)] Failed to decrypt: Key not valid for use in specified state. (0x8009000B)
[0424/202838.648:WARNING:value_store_frontend.cc(44)] Reading mhjfbmdgcfjbbpaeojofohoefgiehjai.alarms from  failed: IO error: .../MANIFEST-000001: Unable to create sequential file (ChromeMethodBFE: 7::NewSequentialFile::1)
[0424/202948.068:WARNING:gpu_process_host.cc(1230)] The GPU process has crashed 1 time(s)
[0424/202948.511:ERROR:network_service_instance_impl.cc(263)] Network service crashed, restarting service.
[0424/202948.868:WARNING:gpu_process_host.cc(972)] Reinitialized the GPU process after a crash. The reported initialization time was 259 ms
[0424/203055.059:WARNING:gpu_process_host.cc(1230)] The GPU process has crashed 2 time(s)
[0424/203055.072:ERROR:network_service_instance_impl.cc(263)] Network service crashed, restarting service.
[0424/203055.591:WARNING:gpu_process_host.cc(972)] Reinitialized the GPU process after a crash. The reported initialization time was 357 ms
[0424/203201.819:ERROR:leveldb_factory.cc(90)] Failed to open LevelDB database from C:/Users/young/OneDrive/Documents/GitHub/CGT255FinalProjectHorrorGameWithUnreal/CGT255FinalProjectHorrorGameWithUnreal/TestRep/Carven.01/Saved/webcache_4147\IndexedDB\https_www.youtube-nocookie.com_0.indexeddb.leveldb,IO error: C:/Users/young/OneDrive/Documents/GitHub/CGT255FinalProjectHorrorGameWithUnreal/CGT255FinalProjectHorrorGameWithUnreal/TestRep/Carven.01/Saved/webcache_4147\IndexedDB\https_www.youtube-nocookie.com_0.indexeddb.leveldb/MANIFEST-000001: Unable to create sequential file (ChromeMethodBFE: 7::NewSequentialFile::1)
[0424/203201.832:ERROR:leveldb_factory.cc(90)] Failed to open LevelDB database from C:/Users/young/OneDrive/Documents/GitHub/CGT255FinalProjectHorrorGameWithUnreal/CGT255FinalProjectHorrorGameWithUnreal/TestRep/Carven.01/Saved/webcache_4147\IndexedDB\https_www.youtube-nocookie.com_0.indexeddb.leveldb,IO error: C:/Users/young/OneDrive/Documents/GitHub/CGT255FinalProjectHorrorGameWithUnreal/CGT255FinalProjectHorrorGameWithUnreal/TestRep/Carven.01/Saved/webcache_4147\IndexedDB\https_www.youtube-nocookie.com_0.indexeddb.leveldb/MANIFEST-000001: Unable to create sequential file (ChromeMethodBFE: 7::NewSequentialFile::1)
[0424/203207.891:ERROR:leveldb_factory.cc(90)] Failed to open LevelDB database from C:/Users/young/OneDrive/Documents/GitHub/CGT255FinalProjectHorrorGameWithUnreal/CGT255FinalProjectHorrorGameWithUnreal/TestRep/Carven.01/Saved/webcache_4147\IndexedDB\https_www.youtube-nocookie.com_0.indexeddb.leveldb,IO error: C:/Users/young/OneDrive/Documents/GitHub/CGT255FinalProjectHorrorGameWithUnreal/CGT255FinalProjectHorrorGameWithUnreal/TestRep/Carven.01/Saved/webcache_4147\IndexedDB\https_www.youtube-nocookie.com_0.indexeddb.leveldb/MANIFEST-000001: Unable to create sequential file (ChromeMethodBFE: 7::NewSequentialFile::1)
[0424/203207.895:ERROR:batching_media_log.cc(38)] MediaEvent: {"error":"FFmpegDemuxer: no supported streams"}
[0424/203207.896:ERROR:batching_media_log.cc(38)] MediaEvent: {"error":"FFmpegDemuxer: no supported streams"}
[0424/203207.896:ERROR:batching_media_log.cc(35)] MediaEvent: {"pipeline_error":14}
[0424/203207.897:ERROR:batching_media_log.cc(35)] MediaEvent: {"pipeline_error":14}
[0424/203207.906:ERROR:leveldb_factory.cc(90)] Failed to open LevelDB database from C:/Users/young/OneDrive/Documents/GitHub/CGT255FinalProjectHorrorGameWithUnreal/CGT255FinalProjectHorrorGameWithUnreal/TestRep/Carven.01/Saved/webcache_4147\IndexedDB\https_www.youtube-nocookie.com_0.indexeddb.leveldb,IO error: C:/Users/young/OneDrive/Documents/GitHub/CGT255FinalProjectHorrorGameWithUnreal/CGT255FinalProjectHorrorGameWithUnreal/TestRep/Carven.01/Saved/webcache_4147\IndexedDB\https_www.youtube-nocookie.com_0.indexeddb.leveldb/MANIFEST-000001: Unable to create sequential file (ChromeMethodBFE: 7::NewSequentialFile::1)
[0424/203212.091:ERROR:leveldb_factory.cc(90)] Failed to open LevelDB database from C:/Users/young/OneDrive/Documents/GitHub/CGT255FinalProjectHorrorGameWithUnreal/CGT255FinalProjectHorrorGameWithUnreal/TestRep/Carven.01/Saved/webcache_4147\IndexedDB\https_www.youtube-nocookie.com_0.indexeddb.leveldb,IO error: C:/Users/young/OneDrive/Documents/GitHub/CGT255FinalProjectHorrorGameWithUnreal/CGT255FinalProjectHorrorGameWithUnreal/TestRep/Carven.01/Saved/webcache_4147\IndexedDB\https_www.youtube-nocookie.com_0.indexeddb.leveldb/MANIFEST-000001: Unable to create sequential file (ChromeMethodBFE: 7::NewSequentialFile::1)
[0424/203212.102:ERROR:leveldb_factory.cc(90)] Failed to open LevelDB database from C:/Users/young/OneDrive/Documents/GitHub/CGT255FinalProjectHorrorGameWithUnreal/CGT255FinalProjectHorrorGameWithUnreal/TestRep/Carven.01/Saved/webcache_4147\IndexedDB\https_www.youtube-nocookie.com_0.indexeddb.leveldb,IO error: C:/Users/young/OneDrive/Documents/GitHub/CGT255FinalProjectHorrorGameWithUnreal/CGT255FinalProjectHorrorGameWithUnreal/TestRep/Carven.01/Saved/webcache_4147\IndexedDB\https_www.youtube-nocookie.com_0.indexeddb.leveldb/MANIFEST-000001: Unable to create sequential file (ChromeMethodBFE: 7::NewSequentialFile::1)
[0424/203216.248:ERROR:leveldb_factory.cc(90)] Failed to open LevelDB database from C:/Users/young/OneDrive/Documents/GitHub/CGT255FinalProjectHorrorGameWithUnreal/CGT255FinalProjectHorrorGameWithUnreal/TestRep/Carven.01/Saved/webcache_4147\IndexedDB\https_www.youtube-nocookie.com_0.indexeddb.leveldb,IO error: C:/Users/young/OneDrive/Documents/GitHub/CGT255FinalProjectHorrorGameWithUnreal/CGT255FinalProjectHorrorGameWithUnreal/TestRep/Carven.01/Saved/webcache_4147\IndexedDB\https_www.youtube-nocookie.com_0.indexeddb.leveldb/MANIFEST-000001: Unable to create sequential file (ChromeMethodBFE: 7::NewSequentialFile::1)
[0424/203216.259:ERROR:leveldb_factory.cc(90)] Failed to open LevelDB database from C:/Users/young/OneDrive/Documents/GitHub/CGT255FinalProjectHorrorGameWithUnreal/CGT255FinalProjectHorrorGameWithUnreal/TestRep/Carven.01/Saved/webcache_4147\IndexedDB\https_www.youtube-nocookie.com_0.indexeddb.leveldb,IO error: C:/Users/young/OneDrive/Documents/GitHub/CGT255FinalProjectHorrorGameWithUnreal/CGT255FinalProjectHorrorGameWithUnreal/TestRep/Carven.01/Saved/webcache_4147\IndexedDB\https_www.youtube-nocookie.com_0.indexeddb.leveldb/MANIFEST-000001: Unable to create sequential file (ChromeMethodBFE: 7::NewSequentialFile::1)
[0424/203217.071:ERROR:batching_media_log.cc(38)] MediaEvent: {"error":"FFmpegDemuxer: no supported streams"}
[0424/203217.076:ERROR:batching_media_log.cc(35)] MediaEvent: {"pipeline_error":14}
[0424/203217.086:ERROR:batching_media_log.cc(38)] MediaEvent: {"error":"FFmpegDemuxer: no supported streams"}
[0424/203217.113:ERROR:batching_media_log.cc(35)] MediaEvent: {"pipeline_error":14}
[0424/203541.827:WARNING:value_store_frontend.cc(44)] Reading mhjfbmdgcfjbbpaeojofohoefgiehjai.alarms from  failed: IO error: .../MANIFEST-000001: Unable to create sequential file (ChromeMethodBFE: 7::NewSequentialFile::1)
[0424/204353.249:WARNING:value_store_frontend.cc(44)] Reading mhjfbmdgcfjbbpaeojofohoefgiehjai.alarms from  failed: IO error: .../MANIFEST-000001: Unable to create sequential file (ChromeMethodBFE: 7::NewSequentialFile::1)
[0427/153957.481:WARNING:value_store_frontend.cc(44)] Reading mhjfbmdgcfjbbpaeojofohoefgiehjai.alarms from  failed: IO error: .../MANIFEST-000001: Unable to create sequential file (ChromeMethodBFE: 7::NewSequentialFile::1)
